2025-09-23 13:58:58, MOVE, v:1, k:toalha, mode:PICK
2025-09-23 13:59:03, MOVE, v:1, k:toalha, mode:BACK
2025-09-23 13:59:05, MOVE, v:1, k:toalha, mode:PICK
2025-09-23 13:59:32, MOVE, v:1, k:toalha, mode:BACK
2025-09-23 13:59:36, MOVE, v:1, k:toalha, mode:PICK
2025-09-23 14:00:50, MOVE, v:1, k:toalha, mode:BACK
2025-09-23 14:08:15, MOVE, v:1, k:toalha, mode:PICK
2025-09-23 14:08:16, EXEC, v:1, k:toalha, mode:LOCK, rate:0, size:42
2025-09-23 14:08:20, EXEC, v:1, k:toalha, mode:LOCK, rate:0
2025-09-23 14:08:38, EXEC, v:1, k:toalha, mode:FREE
2025-09-23 14:09:20, MOVE, v:1, k:toalha, mode:BACK
2025-09-23 14:09:24, MOVE, v:1, k:enxugar, mode:DOWN
2025-09-23 14:10:02, MOVE, v:1, k:enxugar, mode:PICK
2025-09-23 14:10:03, EXEC, v:1, k:enxugar, mode:FREE, size:42
2025-09-23 14:13:34, MOVE, v:1, k:enxugar, mode:BACK
2025-09-23 14:14:55, MOVE, v:1, k:enxugar, mode:PICK
2025-09-23 14:17:06, EXEC, v:1, k:enxugar, mode:FULL, rate:0, size:44
2025-09-23 14:22:47, EXEC, v:1, k:enxugar, mode:FULL, rate:0, size:45
2025-09-23 14:23:40, EXEC, v:1, k:enxugar, mode:FULL, rate:0, size:45
2025-09-23 14:24:01, EXEC, v:1, k:enxugar, mode:FULL, rate:20, size:45
2025-09-23 14:33:26, MOVE, v:1, k:enxugar, mode:BACK
