2025-10-01 19:49:11, SELF, v:1, k:animal, rate:100, human:1, alone:6, study:100
2025-10-01 19:49:52, SELF, v:1, k:animal, rate:100, human:1, alone:6, study:100
2025-10-01 19:50:00, MOVE, v:1, k:toalha, mode:PICK
2025-10-01 19:50:01, EXEC, v:1, k:toalha, mode:LOCK, rate:0, size:42
2025-10-01 19:50:27, EXEC, v:1, k:toalha, mode:LOCK, rate:0
2025-10-01 19:50:28, MOVE, v:1, k:toalha, mode:BACK
2025-10-01 19:50:33, MOVE, v:1, k:toalha, mode:PICK
2025-10-01 19:50:42, MOVE, v:1, k:toalha, mode:BACK
2025-10-01 19:50:47, MOVE, v:1, k:toalha, mode:PICK
2025-10-01 19:57:37, EXEC, v:1, k:toalha, mode:LOCK, rate:0
2025-10-01 19:58:22, EXEC, v:1, k:toalha, mode:LOCK, rate:0, size:50
2025-10-01 20:00:43, EXEC, v:1, k:toalha, mode:LOCK, rate:0, size:55
2025-10-01 20:02:12, MOVE, v:1, k:toalha, mode:BACK
2025-10-01 20:02:21, MOVE, v:1, k:enxugar, mode:PICK
2025-10-01 20:02:23, EXEC, v:1, k:enxugar, mode:FULL, rate:30, size:48
2025-10-01 20:04:29, EXEC, v:1, k:enxugar, mode:FULL, rate:30
2025-10-01 20:04:48, MOVE, v:1, k:enxugar, mode:BACK
2025-10-01 20:04:50, MOVE, v:1, k:toalha, mode:PICK
2025-10-01 20:04:51, EXEC, v:1, k:toalha, mode:LOCK, rate:0, size:57
2025-10-01 20:04:53, MOVE, v:1, k:toalha, mode:BACK
2025-10-01 20:06:55, SELF, v:1, k:toalha, rate:100, human:2, alone:4, study:60
2025-10-01 20:07:40, MOVE, v:1, k:enxugar, mode:PICK
2025-10-01 20:07:43, EXEC, v:1, k:enxugar, mode:FULL, rate:30
2025-10-01 20:09:52, EXEC, v:1, k:enxugar, mode:FULL, rate:0, size:51
2025-10-01 20:10:17, EXEC, v:1, k:enxugar, mode:FULL, rate:90, size:51
2025-10-01 20:12:32, EXEC, v:1, k:enxugar, mode:FULL, rate:90, size:56
2025-10-01 20:12:59, EXEC, v:1, k:enxugar, mode:FULL, rate:100, size:56
2025-10-01 20:13:05, MOVE, v:1, k:enxugar, mode:BACK
2025-10-01 20:13:39, SELF, v:1, k:enxugar, rate:100, alone:10, study:40
2025-10-01 20:13:55, MOVE, v:1, k:carro, mode:PICK
2025-10-01 20:18:22, EXEC, v:1, k:carro, mode:FULL, rate:0, size:0
2025-10-01 20:20:26, EXEC, v:1, k:carro, mode:FULL, rate:0
2025-10-01 20:30:32, EXEC, v:1, k:carro, mode:FULL, rate:0
2025-10-01 20:31:39, EXEC, v:1, k:carro, mode:FULL, rate:0, size:21
2025-10-01 20:31:51, EXEC, v:1, k:carro, mode:FULL, rate:0, size:22
2025-10-01 20:31:58, EXEC, v:1, k:carro, mode:FULL, rate:0, size:22
2025-10-01 20:32:14, EXEC, v:1, k:carro, mode:FULL, rate:10, size:22
2025-10-01 21:03:02, EXEC, v:1, k:carro, mode:FULL, rate:10
2025-10-01 21:35:48, EXEC, v:1, k:carro, mode:FULL, rate:10, size:22
2025-10-01 21:35:50, MOVE, v:1, k:carro, mode:BACK
2025-10-01 21:54:11, MOVE, v:1, k:carro, mode:PICK
2025-10-01 21:54:17, EXEC, v:1, k:carro, mode:FULL, rate:10
2025-10-01 21:58:46, EXEC, v:1, k:carro, mode:FULL, rate:10, size:28
2025-10-01 21:58:54, EXEC, v:1, k:carro, mode:FULL, rate:10, size:28
2025-10-01 22:01:43, EXEC, v:1, k:carro, mode:FULL, rate:10, size:29
2025-10-01 22:02:08, EXEC, v:1, k:carro, mode:FULL, rate:10, size:29
2025-10-01 22:02:40, EXEC, v:1, k:carro, mode:FULL, rate:10, size:29
2025-10-01 22:03:26, EXEC, v:1, k:carro, mode:FULL, rate:10, size:29
2025-10-01 22:05:21, EXEC, v:1, k:carro, mode:FULL, rate:10, size:29
2025-10-01 22:07:56, EXEC, v:1, k:carro, mode:FULL, rate:10, size:29
2025-10-01 22:08:30, EXEC, v:1, k:carro, mode:FULL, rate:10
2025-10-01 22:08:44, EXEC, v:1, k:carro, mode:FULL, rate:10
2025-10-01 22:08:48, EXEC, v:1, k:carro, mode:FULL, rate:20, size:29
2025-10-01 22:09:47, EXEC, v:1, k:carro, mode:FULL, rate:20, size:29
2025-10-01 22:10:12, EXEC, v:1, k:carro, mode:FULL, rate:10, size:29
2025-10-01 22:10:20, EXEC, v:1, k:carro, mode:FULL, rate:10, size:29
2025-10-01 22:10:25, EXEC, v:1, k:carro, mode:FULL, rate:20, size:29
2025-10-01 22:12:24, EXEC, v:1, k:carro, mode:FULL, rate:30, size:30
2025-10-01 22:26:23, EXEC, v:1, k:carro, mode:FULL, rate:50, size:39
2025-10-01 22:28:30, EXEC, v:1, k:carro, mode:FULL, rate:50, size:47
2025-10-01 22:28:46, EXEC, v:1, k:carro, mode:FULL, rate:50, size:47
2025-10-01 22:28:58, EXEC, v:1, k:carro, mode:FULL, rate:50, size:47
2025-10-01 22:29:16, EXEC, v:1, k:carro, mode:FULL, rate:50, size:47
2025-10-01 22:29:58, EXEC, v:1, k:carro, mode:FULL, rate:50, size:48
2025-10-01 22:30:09, EXEC, v:1, k:carro, mode:FULL, rate:50, size:48
2025-10-01 22:30:19, EXEC, v:1, k:carro, mode:FULL, rate:50, size:48
2025-10-01 22:31:31, EXEC, v:1, k:carro, mode:FULL, rate:0, size:48
2025-10-01 22:31:51, EXEC, v:1, k:carro, mode:FULL, rate:50, size:48
2025-10-01 22:33:50, EXEC, v:1, k:carro, mode:FULL, rate:50, size:48
2025-10-01 22:34:09, EXEC, v:1, k:carro, mode:FULL, rate:50, size:48
2025-10-01 22:38:10, EXEC, v:1, k:carro, mode:FULL, rate:0, size:45
2025-10-01 22:38:25, EXEC, v:1, k:carro, mode:FULL, rate:50, size:45
2025-10-01 22:38:45, EXEC, v:1, k:carro, mode:FULL, rate:0, size:45
2025-10-01 22:38:50, EXEC, v:1, k:carro, mode:FULL, rate:50, size:45
2025-10-01 22:39:04, EXEC, v:1, k:carro, mode:FULL, rate:50, size:45
2025-10-01 22:39:33, EXEC, v:1, k:carro, mode:FULL, rate:50, size:45
2025-10-01 22:39:42, EXEC, v:1, k:carro, mode:FULL, rate:50, size:45
2025-10-01 22:40:20, MOVE, v:1, k:carro, mode:PICK
2025-10-01 22:40:22, EXEC, v:1, k:carro, mode:FULL, rate:50
2025-10-01 22:43:11, EXEC, v:1, k:carro, mode:FULL, rate:50, size:46
2025-10-01 22:43:29, EXEC, v:1, k:carro, mode:FULL, rate:50, size:46
2025-10-01 22:43:44, EXEC, v:1, k:carro, mode:FULL, rate:50, size:46
2025-10-01 22:47:38, EXEC, v:1, k:carro, mode:FULL, rate:60, size:48
2025-10-01 22:49:00, EXEC, v:1, k:carro, mode:FULL, rate:60, size:46
2025-10-01 22:49:56, EXEC, v:1, k:carro, mode:FULL, rate:60
2025-10-01 22:54:35, EXEC, v:1, k:carro, mode:FULL, rate:60
2025-10-01 22:55:53, MOVE, v:1, k:carro, mode:BACK
