<<<<<<< HEAD
2025-09-24 00:27:53, MOVE, v:1, k:toalha, mode:PICK
2025-09-24 00:27:55, EXEC, v:1, k:toalha, mode:LOCK, rate:0
2025-09-24 00:27:58, MOVE, v:1, k:toalha, mode:BACK
2025-09-24 00:28:09, MOVE, v:1, k:enxugar, mode:PICK
2025-09-24 00:28:11, EXEC, v:1, k:enxugar, mode:FULL, rate:30, size:48
2025-09-24 00:30:07, MOVE, v:1, k:enxugar, mode:BACK
=======
2025-09-24 13:12:31, MOVE, v:1, k:enxugar, mode:PICK
2025-09-24 13:12:34, EXEC, v:1, k:enxugar, mode:FULL, rate:30, size:48
2025-09-24 13:17:49, MOVE, v:1, k:enxugar, mode:BACK
2025-09-24 13:17:52, MOVE, v:1, k:animal, mode:DOWN
2025-09-24 13:17:54, MOVE, v:1, k:animal, mode:PICK
2025-09-24 13:18:10, MOVE, v:1, k:animal, mode:BACK
2025-09-24 13:18:33, MOVE, v:1, k:animal, mode:PICK
2025-09-24 13:22:58, EXEC, v:1, k:animal, mode:FREE, size:8
2025-09-24 13:23:10, EXEC, v:1, k:animal, mode:FREE, size:7
2025-09-24 14:06:15, EXEC, v:1, k:animal, mode:FULL, rate:0, size:19
2025-09-24 14:12:39, EXEC, v:1, k:animal, mode:FULL, rate:0, size:22
2025-09-24 14:13:02, EXEC, v:1, k:animal, mode:FULL, rate:0, size:22
2025-09-24 14:14:39, EXEC, v:1, k:animal, mode:FULL, rate:0, size:22
2025-09-24 14:16:52, MOVE, v:1, k:animal, mode:BACK
2025-09-24 14:16:56, MOVE, v:1, k:enxugar, mode:PICK
2025-09-24 14:17:01, EXEC, v:1, k:enxugar, mode:FULL, rate:30
2025-09-24 14:17:47, MOVE, v:1, k:enxugar, mode:BACK
2025-09-24 14:17:50, MOVE, v:1, k:animal, mode:PICK
2025-09-24 14:17:51, EXEC, v:1, k:animal, mode:FULL, rate:0
2025-09-24 14:21:30, EXEC, v:1, k:animal, mode:FULL, rate:0, size:27
2025-09-24 14:23:46, EXEC, v:1, k:animal, mode:FULL, rate:0, size:27
2025-09-24 14:24:20, EXEC, v:1, k:animal, mode:FULL, rate:0, size:27
2025-09-24 14:25:47, EXEC, v:1, k:animal, mode:FULL, rate:0, size:27
2025-09-24 14:25:59, EXEC, v:1, k:animal, mode:FULL, rate:0, size:27
2025-09-24 14:27:20, EXEC, v:1, k:animal, mode:FULL, rate:0, size:26
2025-09-24 14:27:28, EXEC, v:1, k:animal, mode:FULL, rate:0, size:27
2025-09-24 14:34:25, EXEC, v:1, k:animal, mode:FULL, rate:0, size:32
2025-09-24 14:34:33, EXEC, v:1, k:animal, mode:FULL, rate:0, size:32
2025-09-24 14:34:39, EXEC, v:1, k:animal, mode:FULL, rate:0, size:32
2025-09-24 14:35:09, EXEC, v:1, k:animal, mode:FULL, rate:0, size:32
2025-09-24 14:40:49, EXEC, v:1, k:animal, mode:FULL, rate:0, size:32
2025-09-24 14:42:41, MOVE, v:1, k:animal, mode:BACK
>>>>>>> 7c113400c4b3bafc184aa852f5321bc44f74cf5e
