2025-10-05 12:24:13, MOVE, v:1, k:calculadora, mode:PICK
2025-10-05 12:24:15, EXEC, v:1, k:calculadora, mode:FULL, rate:36
2025-10-05 12:25:05, EXEC, v:1, k:calculadora, mode:FULL, rate:36, size:40
2025-10-05 12:25:22, EXEC, v:1, k:calculadora, mode:FULL, rate:54, size:41
2025-10-05 12:26:07, EXEC, v:1, k:calculadora, mode:FULL, rate:63, size:43
2025-10-05 12:27:16, EXEC, v:1, k:calculadora, mode:FULL, rate:63, size:43
2025-10-05 12:31:42, EXEC, v:1, k:calculadora, mode:FULL, rate:72, size:44
2025-10-05 12:32:00, EXEC, v:1, k:calculadora, mode:FULL, rate:63, size:43
2025-10-05 12:32:49, EXEC, v:1, k:calculadora, mode:FULL, rate:72, size:44
2025-10-05 12:34:29, EXEC, v:1, k:calculadora, mode:FULL, rate:81, size:55
2025-10-05 12:35:41, EXEC, v:1, k:calculadora, mode:FULL, rate:72, size:58
2025-10-05 12:35:56, EXEC, v:1, k:calculadora, mode:FULL, rate:81, size:55
2025-10-05 12:36:02, EXEC, v:1, k:calculadora, mode:FULL, rate:81, size:55
2025-10-05 12:36:28, MOVE, v:1, k:calculadora, mode:BACK
2025-10-05 16:30:02, MOVE, v:1, k:calculadora, mode:PICK
2025-10-05 16:30:08, EXEC, v:1, k:calculadora, mode:FULL, rate:81
2025-10-05 16:30:47, EXEC, v:1, k:calculadora, mode:FULL, rate:81
2025-10-05 16:31:05, EXEC, v:1, k:calculadora, mode:FULL, rate:81, size:55
2025-10-05 16:32:04, EXEC, v:1, k:calculadora, mode:FULL, rate:81, size:57
2025-10-05 16:32:11, EXEC, v:1, k:calculadora, mode:FULL, rate:81, size:58
2025-10-05 16:32:16, EXEC, v:1, k:calculadora, mode:FULL, rate:81
2025-10-05 16:34:04, EXEC, v:1, k:calculadora, mode:FULL, rate:81, size:58
2025-10-05 16:39:49, EXEC, v:1, k:calculadora, mode:FULL, rate:54, size:58
2025-10-05 16:40:08, EXEC, v:1, k:calculadora, mode:FULL, rate:81, size:58
2025-10-05 16:40:32, EXEC, v:1, k:calculadora, mode:FULL, rate:81, size:59
2025-10-05 16:40:58, EXEC, v:1, k:calculadora, mode:FULL, rate:81, size:60
2025-10-05 16:51:10, EXEC, v:1, k:calculadora, mode:FULL, rate:0, size:59
2025-10-05 16:56:06, EXEC, v:1, k:calculadora, mode:FULL, rate:81, size:60
2025-10-05 16:59:38, EXEC, v:1, k:calculadora, mode:FULL, rate:81, size:60
2025-10-05 17:03:43, EXEC, v:1, k:calculadora, mode:FULL, rate:81
2025-10-05 17:07:42, EXEC, v:1, k:calculadora, mode:FULL, rate:81
2025-10-05 17:08:12, EXEC, v:1, k:calculadora, mode:FULL, rate:100, size:61
2025-10-05 17:08:27, EXEC, v:1, k:calculadora, mode:FULL, rate:81, size:60
2025-10-05 17:08:49, EXEC, v:1, k:calculadora, mode:FULL, rate:81
2025-10-05 17:08:55, EXEC, v:1, k:calculadora, mode:FULL, rate:100, size:61
2025-10-05 17:09:22, MOVE, v:1, k:calculadora, mode:BACK
2025-10-05 17:16:35, MOVE, v:1, k:calculadora, mode:PICK
2025-10-05 17:16:38, EXEC, v:1, k:calculadora, mode:FULL, rate:100
2025-10-05 17:47:58, MOVE, v:1, k:calculadora, mode:BACK
2025-10-05 17:48:45, SELF, v:1, k:calculadora, rate:100, alone:10, study:90
2025-10-05 17:48:50, MOVE, v:1, k:chinela, mode:DOWN
2025-10-05 17:49:11, MOVE, v:1, k:camisa, mode:DOWN
2025-10-05 17:49:13, MOVE, v:1, k:roupa, mode:DOWN
2025-10-05 17:49:14, MOVE, v:1, k:relogio, mode:DOWN
2025-10-05 17:55:34, MOVE, v:1, k:notebook, mode:DOWN
2025-10-05 17:55:35, MOVE, v:1, k:motoca, mode:DOWN
2025-10-05 17:55:36, MOVE, v:1, k:grafite, mode:DOWN
2025-10-05 17:55:36, MOVE, v:1, k:motouber, mode:DOWN
2025-10-05 17:55:37, MOVE, v:1, k:tamagotchi, mode:DOWN
2025-10-05 17:55:38, MOVE, v:1, k:charger, mode:DOWN
2025-10-05 18:59:06, MOVE, v:1, k:carro, mode:PICK
2025-10-05 18:59:07, EXEC, v:1, k:carro, mode:FULL, rate:100
2025-10-05 20:54:55, MOVE, v:1, k:animal, mode:PICK
2025-10-05 20:54:57, EXEC, v:1, k:animal, mode:FULL, rate:100
2025-10-05 20:55:02, EXEC, v:1, k:animal, mode:FULL, rate:0, size:46
2025-10-05 20:55:57, EXEC, v:1, k:animal, mode:FULL, rate:75, size:43
2025-10-05 20:58:34, EXEC, v:1, k:animal, mode:FULL, rate:100, size:44
2025-10-05 21:07:24, MOVE, v:1, k:animal, mode:BACK
2025-10-05 21:07:56, MOVE, v:1, k:animal, mode:PICK
2025-10-05 21:07:58, EXEC, v:1, k:animal, mode:FULL, rate:100, size:44
2025-10-05 21:11:35, MOVE, v:1, k:animal, mode:BACK
2025-10-05 21:12:33, SELF, v:1, k:carro, rate:100, iagen:gpt, alone:10, study:240
2025-10-05 21:13:49, SELF, v:1, k:carro, rate:100, iagen:gpt, alone:10, study:240
2025-10-05 21:14:55, SELF, v:1, k:toalha, rate:100, human:Professor_em_aula, alone:4, study:60
2025-10-05 21:15:35, SELF, v:1, k:animal, rate:100, human:perguntando_pra_amigos_a_logica_de_algumas_funcoes, alone:6, study:100
2025-10-05 21:16:02, SELF, v:1, k:carro, rate:100, iagen:gpt_pra_tentar_corrigir_e_explicar_logica_de_funcoes, alone:10, study:240
2025-10-05 21:17:01, SELF, v:1, k:carro, rate:100, iagen:gpt_pra_tentar_corrigir_e_explicar_logica_de_funcoes, alone:10, study:240
2025-10-05 21:26:42, SELF, v:1, k:carro, rate:100, iagen:gpt_pra_corrigir_a_questao_e_explicar_algumas_logicas, alone:10, study:240
