2025-10-04 14:07:05, MOVE, v:1, k:animal, mode:PICK
2025-10-04 14:07:07, EXEC, v:1, k:animal, mode:FULL, rate:100, size:51
2025-10-04 14:07:55, MOVE, v:1, k:animal, mode:BACK
2025-10-04 14:07:56, MOVE, v:1, k:animal, mode:PICK
2025-10-04 14:07:57, EXEC, v:1, k:animal, mode:FULL, rate:100
2025-10-04 14:09:17, MOVE, v:1, k:animal, mode:BACK
2025-10-04 14:09:18, MOVE, v:1, k:carro, mode:PICK
2025-10-04 14:09:20, EXEC, v:1, k:carro, mode:FULL, rate:60
2025-10-04 18:42:47, MOVE, v:1, k:animal, mode:PICK
2025-10-04 18:42:48, EXEC, v:1, k:animal, mode:FULL, rate:100, size:44
2025-10-04 18:42:49, MOVE, v:1, k:animal, mode:BACK
2025-10-04 19:40:59, MOVE, v:1, k:carro, mode:PICK
2025-10-04 19:41:01, EXEC, v:1, k:carro, mode:FULL, rate:60
2025-10-04 19:49:43, EXEC, v:1, k:carro, mode:FULL, rate:60
2025-10-04 19:50:29, EXEC, v:1, k:carro, mode:FULL, rate:60
2025-10-04 19:50:32, EXEC, v:1, k:carro, mode:FULL, rate:60, size:60
2025-10-04 19:50:49, EXEC, v:1, k:carro, mode:FULL, rate:60
2025-10-04 19:50:53, EXEC, v:1, k:carro, mode:FULL, rate:60, size:60
2025-10-04 19:51:21, EXEC, v:1, k:carro, mode:FULL, rate:80, size:60
2025-10-04 19:52:28, EXEC, v:1, k:carro, mode:FULL, rate:80
2025-10-04 19:53:47, EXEC, v:1, k:carro, mode:FULL, rate:70, size:63
2025-10-04 19:54:10, EXEC, v:1, k:carro, mode:FULL, rate:70, size:63
2025-10-04 19:54:17, EXEC, v:1, k:carro, mode:FULL, rate:70
2025-10-04 19:54:31, EXEC, v:1, k:carro, mode:FULL, rate:70
2025-10-04 19:54:55, EXEC, v:1, k:carro, mode:FULL, rate:70
2025-10-04 19:54:58, EXEC, v:1, k:carro, mode:FULL, rate:70, size:63
2025-10-04 19:55:01, EXEC, v:1, k:carro, mode:FULL, rate:70
2025-10-04 19:55:09, EXEC, v:1, k:carro, mode:FULL, rate:70, size:59
2025-10-04 19:55:27, EXEC, v:1, k:carro, mode:FULL, rate:80, size:59
2025-10-04 19:55:56, EXEC, v:1, k:carro, mode:FULL, rate:80, size:63
2025-10-04 19:56:16, EXEC, v:1, k:carro, mode:FULL, rate:80, size:63
2025-10-04 19:56:32, EXEC, v:1, k:carro, mode:FULL, rate:80, size:63
2025-10-04 19:57:22, EXEC, v:1, k:carro, mode:FULL, rate:80, size:59
2025-10-04 19:58:28, EXEC, v:1, k:carro, mode:FULL, rate:80, size:62
2025-10-04 19:58:50, EXEC, v:1, k:carro, mode:FULL, rate:80, size:62
2025-10-04 19:59:33, EXEC, v:1, k:carro, mode:FULL, rate:80, size:61
2025-10-04 20:00:05, EXEC, v:1, k:carro, mode:FULL, rate:70, size:61
2025-10-04 20:00:20, EXEC, v:1, k:carro, mode:FULL, rate:70, size:61
2025-10-04 20:01:25, EXEC, v:1, k:carro, mode:FULL, rate:70
2025-10-04 20:01:54, EXEC, v:1, k:carro, mode:FULL, rate:60, size:63
2025-10-04 20:02:07, EXEC, v:1, k:carro, mode:FULL, rate:70, size:62
2025-10-04 20:02:18, EXEC, v:1, k:carro, mode:FULL, rate:70, size:61
2025-10-04 20:02:29, EXEC, v:1, k:carro, mode:FULL, rate:80, size:61
2025-10-04 20:04:07, EXEC, v:1, k:carro, mode:FULL, rate:80, size:63
2025-10-04 20:04:40, EXEC, v:1, k:carro, mode:FULL, rate:80, size:63
2025-10-04 20:05:02, EXEC, v:1, k:carro, mode:FULL, rate:80, size:63
2025-10-04 20:05:28, EXEC, v:1, k:carro, mode:FULL, rate:80, size:63
2025-10-04 20:06:49, EXEC, v:1, k:carro, mode:FULL, rate:80, size:63
2025-10-04 20:09:54, EXEC, v:1, k:carro, mode:FULL, rate:80, size:63
2025-10-04 20:10:04, EXEC, v:1, k:carro, mode:FULL, rate:80, size:63
2025-10-04 20:10:21, EXEC, v:1, k:carro, mode:FULL, rate:80, size:63
2025-10-04 20:10:40, EXEC, v:1, k:carro, mode:FULL, rate:80, size:63
2025-10-04 20:12:37, EXEC, v:1, k:carro, mode:FULL, rate:80, size:62
2025-10-04 20:12:53, EXEC, v:1, k:carro, mode:FULL, rate:80
2025-10-04 20:13:08, EXEC, v:1, k:carro, mode:FULL, rate:80, size:62
2025-10-04 20:14:25, EXEC, v:1, k:carro, mode:FULL, rate:80, size:63
2025-10-04 20:14:35, EXEC, v:1, k:carro, mode:FULL, rate:80, size:63
2025-10-04 20:15:38, EXEC, v:1, k:carro, mode:FULL, rate:80, size:64
2025-10-04 20:15:51, EXEC, v:1, k:carro, mode:FULL, rate:80, size:64
2025-10-04 20:16:22, EXEC, v:1, k:carro, mode:FULL, rate:80, size:64
2025-10-04 20:16:43, EXEC, v:1, k:carro, mode:FULL, rate:100, size:64
2025-10-04 20:16:55, EXEC, v:1, k:carro, mode:FULL, rate:80, size:64
2025-10-04 20:17:31, EXEC, v:1, k:carro, mode:FULL, rate:100, size:64
2025-10-04 20:17:47, EXEC, v:1, k:carro, mode:FULL, rate:100, size:64
2025-10-04 20:18:07, EXEC, v:1, k:carro, mode:FULL, rate:100
2025-10-04 20:18:31, EXEC, v:1, k:carro, mode:FULL, rate:100
2025-10-04 20:18:36, MOVE, v:1, k:carro, mode:BACK
2025-10-04 20:19:43, SELF, v:1, k:carro, rate:100, iagen:2, alone:10, study:240
2025-10-04 20:19:48, MOVE, v:1, k:calculadora, mode:DOWN
2025-10-04 20:19:52, MOVE, v:1, k:toalha, mode:PICK
2025-10-04 20:19:53, EXEC, v:1, k:toalha, mode:LOCK, rate:0
2025-10-04 20:19:54, EXEC, v:1, k:toalha, mode:LOCK, rate:0
2025-10-04 20:19:55, MOVE, v:1, k:toalha, mode:BACK
2025-10-04 20:20:10, SELF, v:1, k:toalha, rate:100, human:2, alone:4, study:60
2025-10-04 20:20:17, MOVE, v:1, k:calculadora, mode:PICK
2025-10-04 20:23:41, EXEC, v:1, k:calculadora, mode:FULL, rate:0, size:0
2025-10-04 20:26:16, EXEC, v:1, k:calculadora, mode:FULL, rate:0, size:24
2025-10-04 20:26:32, EXEC, v:1, k:calculadora, mode:FULL, rate:0, size:24
2025-10-04 20:26:56, EXEC, v:1, k:calculadora, mode:FULL, rate:0
2025-10-04 20:27:30, EXEC, v:1, k:calculadora, mode:FULL, rate:0, size:24
2025-10-04 20:27:38, EXEC, v:1, k:calculadora, mode:FULL, rate:0, size:24
2025-10-04 20:31:14, EXEC, v:1, k:calculadora, mode:FULL, rate:9, size:21
2025-10-04 20:36:35, EXEC, v:1, k:calculadora, mode:FULL, rate:9, size:30
2025-10-04 20:36:49, EXEC, v:1, k:calculadora, mode:FULL, rate:9, size:30
2025-10-04 20:38:02, EXEC, v:1, k:calculadora, mode:FULL, rate:9, size:30
2025-10-04 20:38:19, EXEC, v:1, k:calculadora, mode:FULL, rate:9, size:30
2025-10-04 20:38:45, EXEC, v:1, k:calculadora, mode:FULL, rate:9, size:30
2025-10-04 20:40:15, EXEC, v:1, k:calculadora, mode:FULL, rate:9, size:30
2025-10-04 20:40:31, EXEC, v:1, k:calculadora, mode:FULL, rate:9, size:30
2025-10-04 20:40:36, EXEC, v:1, k:calculadora, mode:FULL, rate:9, size:30
2025-10-04 20:42:16, EXEC, v:1, k:calculadora, mode:FULL, rate:9, size:30
2025-10-04 20:42:54, EXEC, v:1, k:calculadora, mode:FULL, rate:9, size:30
2025-10-04 20:44:07, EXEC, v:1, k:calculadora, mode:FULL, rate:9
2025-10-04 20:44:30, EXEC, v:1, k:calculadora, mode:FULL, rate:9, size:30
2025-10-04 20:45:44, EXEC, v:1, k:calculadora, mode:FULL, rate:9, size:30
2025-10-04 20:47:19, EXEC, v:1, k:calculadora, mode:FULL, rate:9, size:30
2025-10-04 20:47:25, EXEC, v:1, k:calculadora, mode:FULL, rate:0, size:30
2025-10-04 20:48:39, EXEC, v:1, k:calculadora, mode:FULL, rate:9, size:30
2025-10-04 20:50:10, EXEC, v:1, k:calculadora, mode:FULL, rate:9, size:30
2025-10-04 20:50:29, EXEC, v:1, k:calculadora, mode:FULL, rate:9
2025-10-04 20:50:31, EXEC, v:1, k:calculadora, mode:FULL, rate:0, size:59
2025-10-04 20:50:46, EXEC, v:1, k:calculadora, mode:FULL, rate:0, size:60
2025-10-04 20:51:08, EXEC, v:1, k:calculadora, mode:FULL, rate:9, size:30
2025-10-04 20:51:26, EXEC, v:1, k:calculadora, mode:FULL, rate:9
2025-10-04 20:53:07, EXEC, v:1, k:calculadora, mode:FULL, rate:100, size:62
2025-10-04 20:53:21, EXEC, v:1, k:calculadora, mode:FULL, rate:9, size:30
2025-10-04 20:57:45, EXEC, v:1, k:calculadora, mode:FULL, rate:36, size:33
2025-10-04 20:58:10, EXEC, v:1, k:calculadora, mode:FULL, rate:36, size:33
2025-10-04 20:58:42, MOVE, v:1, k:calculadora, mode:BACK
