2025-09-30 13:23:29, MOVE, v:1, k:animal, mode:PICK
2025-09-30 13:23:47, MOVE, v:1, k:animal, mode:BACK
2025-09-30 13:25:30, MOVE, v:1, k:animal, mode:PICK
2025-09-30 13:25:51, EXEC, v:1, k:animal, mode:FULL, rate:0, size:33
2025-09-30 13:27:46, EXEC, v:1, k:animal, mode:FULL, rate:0, size:32
2025-09-30 13:32:32, EXEC, v:1, k:animal, mode:FULL, rate:25, size:31
2025-09-30 13:39:48, EXEC, v:1, k:animal, mode:FULL, rate:25, size:35
2025-09-30 13:40:41, EXEC, v:1, k:animal, mode:FULL, rate:25, size:35
2025-09-30 13:49:07, EXEC, v:1, k:animal, mode:FULL, rate:25, size:38
2025-09-30 13:50:09, EXEC, v:1, k:animal, mode:FULL, rate:25, size:40
2025-09-30 13:50:33, EXEC, v:1, k:animal, mode:FULL, rate:25, size:40
2025-09-30 13:56:47, EXEC, v:1, k:animal, mode:FULL, rate:0, size:42
2025-09-30 13:56:53, EXEC, v:1, k:animal, mode:FULL, rate:0
2025-09-30 13:57:34, EXEC, v:1, k:animal, mode:FULL, rate:25, size:40
2025-09-30 13:57:44, EXEC, v:1, k:animal, mode:FULL, rate:25, size:40
2025-09-30 13:57:52, EXEC, v:1, k:animal, mode:FULL, rate:50, size:40
2025-09-30 14:04:37, EXEC, v:1, k:animal, mode:FULL, rate:100, size:52
2025-09-30 14:04:43, EXEC, v:1, k:animal, mode:FULL, rate:50, size:52
2025-09-30 14:05:10, EXEC, v:1, k:animal, mode:FULL, rate:100, size:51
2025-09-30 14:05:52, EXEC, v:1, k:animal, mode:FULL, rate:100, size:51
2025-09-30 14:06:22, EXEC, v:1, k:animal, mode:FULL, rate:100
2025-09-30 14:06:27, MOVE, v:1, k:animal, mode:BACK
2025-09-30 14:06:39, MOVE, v:1, k:carro, mode:DOWN
